<?xml version="1.0" encoding="UTF-8"?>
<testng-results ignored="0" total="1" passed="1" failed="0" skipped="0">
  <reporter-output>
  </reporter-output>
  <suite started-at="2024-09-12T11:02:49 IST" name="Default suite" finished-at="2024-09-12T11:02:55 IST" duration-ms="5164">
    <groups>
    </groups>
    <test started-at="2024-09-12T11:02:49 IST" name="Default test" finished-at="2024-09-12T11:02:55 IST" duration-ms="5164">
      <class name="examples.KarateTestRunner2">
        <test-method signature="testAll()[pri:0, instance:examples.KarateTestRunner2@5af3afd9]" started-at="2024-09-12T11:02:49 IST" name="testAll" finished-at="2024-09-12T11:02:55 IST" duration-ms="5120" status="PASS">
          <reporter-output>
          </reporter-output>
        </test-method> <!-- testAll -->
      </class> <!-- examples.KarateTestRunner2 -->
    </test> <!-- Default test -->
  </suite> <!-- Default suite -->
</testng-results>
